<?xml version="1.0" encoding="UTF-8"?>
<!-- Generated by org.testng.reporters.JUnitReportReporter -->
<testsuite hostname="Sunils-MacBook-Air.local" failures="0" tests="1" name="com.saucedemo.qa.testsuite.CheckStaleElementIssues" time="13.391" errors="0" timestamp="2023-01-30T19:21:33 EST" skipped="0">
  <testcase classname="com.saucedemo.qa.testsuite.CheckStaleElementIssues" name="staleelementTest" time="13.391"/>
  <system-out/>
</testsuite> <!-- com.saucedemo.qa.testsuite.CheckStaleElementIssues -->
