<?xml version="1.0" encoding="UTF-8"?>
<!-- Generated by org.testng.reporters.JUnitReportReporter -->
<testsuite hostname="Sunils-MacBook-Air.local" failures="0" tests="1" name="com.saucedemo.qa.testsuite.OdersTestSuite" time="37.576" errors="0" timestamp="2023-01-26T19:45:37 EST" skipped="0">
  <testcase classname="com.saucedemo.qa.testsuite.OdersTestSuite" name="createOrderForBikeLight" time="37.576"/>
  <system-out/>
</testsuite> <!-- com.saucedemo.qa.testsuite.OdersTestSuite -->
